#
# A fatal error has been detected by the Java Runtime Environment:
#
#  EXCEPTION_ACCESS_VIOLATION (0xc0000005) at pc=0x0000000074a6ef38, pid=5844, tid=1092
#
# JRE version: 7.0_09-b05
# Java VM: Java HotSpot(TM) 64-Bit Server VM (23.5-b02 mixed mode windows-amd64 compressed oops)
# Problematic frame:
# C  [jfxwebkit.dll+0x2fef38]  Java_com_sun_webpane_platform_BackForwardList_bflItemGetIcon+0x184f58
#
# Failed to write core dump. Minidumps are not enabled by default on client versions of Windows
#
# If you would like to submit a bug report, please visit:
#   http://bugreport.sun.com/bugreport/crash.jsp
# The crash happened outside the Java Virtual Machine in native code.
# See problematic frame for where to report the bug.
#

---------------  T H R E A D  ---------------

Current thread (0x000000000d579800):  JavaThread "JavaFX Application Thread" [_thread_in_native, id=1092, stack(0x000000000e4e0000,0x000000000e5e0000)]

siginfo: ExceptionCode=0xc0000005, reading address 0x0000000000000170

Registers:
RAX=0x000000000e5dc328, RBX=0x0000000000000000, RCX=0x0000000000000000, RDX=0x000000000e5dc510
RSP=0x000000000e5dc2c0, RBP=0x0000000010c9b100, RSI=0x000000000e5dc510, RDI=0x0000000000000000
R8 =0x0000000000000000, R9 =0x0000000000000000, R10=0x000000000000000e, R11=0x0000000000000000
R12=0x0000000000000000, R13=0x000000000e5dc510, R14=0x000000000e5dc3d8, R15=0x000000000e5dcfa0
RIP=0x0000000074a6ef38, EFLAGS=0x0000000000010206

Top of Stack: (sp=0x000000000e5dc2c0)
0x000000000e5dc2c0:   0000000010c9b200 0000000010c9b200
0x000000000e5dc2d0:   0000000010ca6860 000000000e5dc510
0x000000000e5dc2e0:   fffffffffffffffe 0000000074a91a82
0x000000000e5dc2f0:   000000000d7ff390 000000000e5dc510
0x000000000e5dc300:   000000000e5dc510 0000000010c9b100
0x000000000e5dc310:   fffffffffffffffe 0000000010c9b100
0x000000000e5dc320:   0000000000000000 0000000074a8b2e1
0x000000000e5dc330:   0000000000000000 0000000010c9b100
0x000000000e5dc340:   0000000010c9b100 0000000010c9b100
0x000000000e5dc350:   fffffffffffffffe 0000000074b404f6
0x000000000e5dc360:   0000000000000000 000000000e5dc510
0x000000000e5dc370:   0000000000000000 0000000010c9b100
0x000000000e5dc380:   0000000000000017 0000000010c9b100
0x000000000e5dc390:   0000000000000000 0000000074a8a3b3
0x000000000e5dc3a0:   000000000e5dc3d8 0000000000000000
0x000000000e5dc3b0:   0000000010c9b100 0000000000000003 

Instructions: (pc=0x0000000074a6ef38)
0x0000000074a6ef18:   60 48 c7 44 24 20 fe ff ff ff 48 89 58 08 48 89
0x0000000074a6ef28:   68 10 48 89 70 18 48 89 78 20 48 8b f2 48 8b f9
0x0000000074a6ef38:   48 83 b9 70 01 00 00 00 74 1e 48 8b 81 88 01 00
0x0000000074a6ef48:   00 48 85 c0 74 12 83 78 04 00 74 0c 40 b5 01 c6 


Register to memory mapping:

RAX=0x000000000e5dc328 is pointing into the stack for thread: 0x000000000d579800
RBX=0x0000000000000000 is an unknown value
RCX=0x0000000000000000 is an unknown value
RDX=0x000000000e5dc510 is pointing into the stack for thread: 0x000000000d579800
RSP=0x000000000e5dc2c0 is pointing into the stack for thread: 0x000000000d579800
RBP=0x0000000010c9b100 is an unknown value
RSI=0x000000000e5dc510 is pointing into the stack for thread: 0x000000000d579800
RDI=0x0000000000000000 is an unknown value
R8 =0x0000000000000000 is an unknown value
R9 =0x0000000000000000 is an unknown value
R10=0x000000000000000e is an unknown value
R11=0x0000000000000000 is an unknown value
R12=0x0000000000000000 is an unknown value
R13=0x000000000e5dc510 is pointing into the stack for thread: 0x000000000d579800
R14=0x000000000e5dc3d8 is pointing into the stack for thread: 0x000000000d579800
R15=0x000000000e5dcfa0 is pointing into the stack for thread: 0x000000000d579800


Stack: [0x000000000e4e0000,0x000000000e5e0000],  sp=0x000000000e5dc2c0,  free space=1008k
Native frames: (J=compiled Java code, j=interpreted, Vv=VM code, C=native code)
C  [jfxwebkit.dll+0x2fef38]  Java_com_sun_webpane_platform_BackForwardList_bflItemGetIcon+0x184f58

Java frames: (J=compiled Java code, j=interpreted, Vv=VM code)
j  com.sun.webpane.platform.WebPage.twkProcessMouseEvent(JIIIIIIIZZZZZF)Z+0
j  com.sun.webpane.platform.WebPage.dispatchMouseEvent(Lcom/sun/webpane/platform/event/WCMouseEvent;)Z+134
j  javafx.scene.web.WebView.processMouseEvent(Ljavafx/scene/input/MouseEvent;)V+111
j  javafx.scene.web.WebView.access$2600(Ljavafx/scene/web/WebView;Ljavafx/scene/input/MouseEvent;)V+2
j  javafx.scene.web.WebView$14.handle(Ljavafx/scene/input/MouseEvent;)V+5
j  javafx.scene.web.WebView$14.handle(Ljavafx/event/Event;)V+5
j  com.sun.javafx.event.CompositeEventHandler.dispatchBubblingEvent(Ljavafx/event/Event;)V+42
j  com.sun.javafx.event.EventHandlerManager.dispatchBubblingEvent(Ljavafx/event/EventType;Ljavafx/event/Event;)Ljavafx/event/Event;+29
j  com.sun.javafx.event.EventHandlerManager.dispatchBubblingEvent(Ljavafx/event/Event;)Ljavafx/event/Event;+8
j  com.sun.javafx.event.CompositeEventDispatcher.dispatchBubblingEvent(Ljavafx/event/Event;)Ljavafx/event/Event;+11
j  com.sun.javafx.event.BasicEventDispatcher.dispatchEvent(Ljavafx/event/Event;Ljavafx/event/EventDispatchChain;)Ljavafx/event/Event;+29
j  com.sun.javafx.event.EventDispatchChainImpl.dispatchEvent(Ljavafx/event/Event;)Ljavafx/event/Event;+69
j  com.sun.javafx.event.BasicEventDispatcher.dispatchEvent(Ljavafx/event/Event;Ljavafx/event/EventDispatchChain;)Ljavafx/event/Event;+17
j  com.sun.javafx.event.EventDispatchChainImpl.dispatchEvent(Ljavafx/event/Event;)Ljavafx/event/Event;+69
j  com.sun.javafx.event.EventUtil.fireEventImpl(Ljavafx/event/EventDispatchChain;Ljavafx/event/EventTarget;Ljavafx/event/Event;)Ljavafx/event/Event;+10
j  com.sun.javafx.event.EventUtil.fireEvent(Ljavafx/event/EventTarget;Ljavafx/event/Event;)Ljavafx/event/Event;+46
j  javafx.event.Event.fireEvent(Ljavafx/event/EventTarget;Ljavafx/event/Event;)V+30
j  javafx.scene.Scene$MouseHandler.process(Ljavafx/scene/input/MouseEvent;Z)V+405
j  javafx.scene.Scene$MouseHandler.process(Ljavafx/scene/input/MouseEvent;)V+3
j  javafx.scene.Scene$MouseHandler.access$1900(Ljavafx/scene/Scene$MouseHandler;Ljavafx/scene/input/MouseEvent;)V+2
j  javafx.scene.Scene.impl_processMouseEvent(Ljavafx/scene/input/MouseEvent;)V+16
j  javafx.scene.Scene$ScenePeerListener.mouseEvent(Ljava/lang/Object;)V+11
j  com.sun.javafx.tk.quantum.GlassViewEventHandler.handleMouseEvent(Lcom/sun/glass/ui/View;JIIIIIIIIZZ)V+279
j  com.sun.glass.ui.View.handleMouseEvent(JIIIIIIIIZZ)V+38
j  com.sun.glass.ui.View.notifyMouse(IIIIIIIZZ)V+184
v  ~StubRoutines::call_stub
j  com.sun.glass.ui.win.WinApplication._runLoop([Ljava/lang/String;Lcom/sun/glass/ui/Launchable;)V+0
j  com.sun.glass.ui.win.WinApplication.access$100(Lcom/sun/glass/ui/win/WinApplication;[Ljava/lang/String;Lcom/sun/glass/ui/Launchable;)V+3
j  com.sun.glass.ui.win.WinApplication$3$1.run()V+32
j  java.lang.Thread.run()V+11
v  ~StubRoutines::call_stub

---------------  P R O C E S S  ---------------

Java Threads: ( => current thread )
  0x000000000d064800 JavaThread "URL-Loader-21" daemon [_thread_blocked, id=5804, stack(0x00000000124b0000,0x00000000125b0000)]
  0x000000000d05a000 JavaThread "Prism Font Disposer" daemon [_thread_blocked, id=5016, stack(0x00000000132c0000,0x00000000133c0000)]
  0x000000000d737800 JavaThread "Disposer" daemon [_thread_blocked, id=4100, stack(0x000000000fe70000,0x000000000ff70000)]
  0x000000000d774800 JavaThread "FileObserver" daemon [_thread_blocked, id=3744, stack(0x000000000fd70000,0x000000000fe70000)]
  0x000000000d769800 JavaThread "Thread-3" daemon [_thread_in_native, id=956, stack(0x000000000fc70000,0x000000000fd70000)]
  0x000000000d75f000 JavaThread "Thread-2" daemon [_thread_in_native, id=6776, stack(0x000000000fb70000,0x000000000fc70000)]
=>0x000000000d579800 JavaThread "JavaFX Application Thread" [_thread_in_native, id=1092, stack(0x000000000e4e0000,0x000000000e5e0000)]
  0x000000000d515800 JavaThread "Disposer" daemon [_thread_blocked, id=784, stack(0x000000000e3e0000,0x000000000e4e0000)]
  0x000000000d514800 JavaThread "QuantumRenderer-0" daemon [_thread_blocked, id=3968, stack(0x000000000dec0000,0x000000000dfc0000)]
  0x000000000d631000 JavaThread "JavaFX-Launcher" [_thread_blocked, id=2460, stack(0x000000000ddc0000,0x000000000dec0000)]
  0x000000000a3e4800 JavaThread "Service Thread" daemon [_thread_blocked, id=5188, stack(0x000000000cdc0000,0x000000000cec0000)]
  0x000000000a3e4000 JavaThread "C2 CompilerThread1" daemon [_thread_blocked, id=3284, stack(0x000000000ccc0000,0x000000000cdc0000)]
  0x000000000a3e2800 JavaThread "C2 CompilerThread0" daemon [_thread_blocked, id=4808, stack(0x000000000cbc0000,0x000000000ccc0000)]
  0x000000000a3d0800 JavaThread "JDWP Command Reader" daemon [_thread_in_native, id=2696, stack(0x000000000cac0000,0x000000000cbc0000)]
  0x000000000a3cd800 JavaThread "JDWP Event Helper Thread" daemon [_thread_blocked, id=1848, stack(0x000000000c9c0000,0x000000000cac0000)]
  0x000000000a3c1000 JavaThread "JDWP Transport Listener: dt_socket" daemon [_thread_blocked, id=2552, stack(0x000000000c8c0000,0x000000000c9c0000)]
  0x000000000a3bb000 JavaThread "Attach Listener" daemon [_thread_blocked, id=3044, stack(0x000000000c4e0000,0x000000000c5e0000)]
  0x000000000a3b6000 JavaThread "Signal Dispatcher" daemon [_thread_blocked, id=5580, stack(0x000000000c3e0000,0x000000000c4e0000)]
  0x000000000a350800 JavaThread "Finalizer" daemon [_thread_blocked, id=7016, stack(0x000000000c2e0000,0x000000000c3e0000)]
  0x000000000a349000 JavaThread "Reference Handler" daemon [_thread_blocked, id=4400, stack(0x000000000c1e0000,0x000000000c2e0000)]
  0x0000000002482800 JavaThread "main" [_thread_blocked, id=6392, stack(0x0000000002380000,0x0000000002480000)]

Other Threads:
  0x000000000a343000 VMThread [stack: 0x000000000c0e0000,0x000000000c1e0000] [id=1440]
  0x000000000ced8800 WatcherThread [stack: 0x000000000d2c0000,0x000000000d3c0000] [id=48]

VM state:not at safepoint (normal execution)

VM Mutex/Monitor currently owned by a thread: None

Heap
 PSYoungGen      total 28352K, used 20699K [0x00000000e0600000, 0x00000000e25a0000, 0x0000000100000000)
  eden space 24320K, 71% used [0x00000000e0600000,0x00000000e1717f18,0x00000000e1dc0000)
  from space 4032K, 79% used [0x00000000e21b0000,0x00000000e24cf030,0x00000000e25a0000)
  to   space 4032K, 0% used [0x00000000e1dc0000,0x00000000e1dc0000,0x00000000e21b0000)
 ParOldGen       total 64768K, used 16K [0x00000000a1200000, 0x00000000a5140000, 0x00000000e0600000)
  object space 64768K, 0% used [0x00000000a1200000,0x00000000a1204000,0x00000000a5140000)
 PSPermGen       total 21248K, used 18519K [0x000000009c000000, 0x000000009d4c0000, 0x00000000a1200000)
  object space 21248K, 87% used [0x000000009c000000,0x000000009d215eb8,0x000000009d4c0000)

Card table byte_map: [0x0000000005640000,0x0000000005970000] byte_map_base: 0x0000000005160000

Polling page: 0x00000000021d0000

Code Cache  [0x0000000002580000, 0x00000000027f0000, 0x0000000005580000)
 total_blobs=746 nmethods=184 adapters=521 free_code_cache=47993Kb largest_free_block=49114432

Compilation events (10 events):
Event: 13.376 Thread 0x000000000a3e4000  177             java.util.WeakHashMap$HashIterator::hasNext (95 bytes)
Event: 13.381 Thread 0x000000000a3e4000 nmethod 177 0x00000000026a7450 code [0x00000000026a75a0, 0x00000000026a77f8]
Event: 14.897 Thread 0x000000000a3e2800  178             java.util.ArrayList::ensureCapacityInternal (26 bytes)
Event: 14.897 Thread 0x000000000a3e2800 nmethod 178 0x00000000026a7150 code [0x00000000026a72a0, 0x00000000026a7368]
Event: 18.449 Thread 0x000000000a3e4000  179             java.util.ArrayList::access$100 (5 bytes)
Event: 18.449 Thread 0x000000000a3e4000 nmethod 179 0x00000000026a6f10 code [0x00000000026a7040, 0x00000000026a70b8]
Event: 25.249 Thread 0x000000000a3e2800  180             java.util.ArrayList::isEmpty (13 bytes)
Event: 25.249 Thread 0x000000000a3e2800 nmethod 180 0x00000000026a20d0 code [0x00000000026a2200, 0x00000000026a2258]
Event: 56.643 Thread 0x000000000a3e4000  181             java.util.concurrent.atomic.AtomicBoolean::get (13 bytes)
Event: 56.643 Thread 0x000000000a3e4000 nmethod 181 0x00000000026a6790 code [0x00000000026a68c0, 0x00000000026a6918]

GC Heap History (4 events):
Event: 0.842 GC heap before
{Heap before GC invocations=1 (full 0):
 PSYoungGen      total 28352K, used 24320K [0x00000000e0600000, 0x00000000e25a0000, 0x0000000100000000)
  eden space 24320K, 100% used [0x00000000e0600000,0x00000000e1dc0000,0x00000000e1dc0000)
  from space 4032K, 0% used [0x00000000e21b0000,0x00000000e21b0000,0x00000000e25a0000)
  to   space 4032K, 0% used [0x00000000e1dc0000,0x00000000e1dc0000,0x00000000e21b0000)
 ParOldGen       total 64768K, used 0K [0x00000000a1200000, 0x00000000a5140000, 0x00000000e0600000)
  object space 64768K, 0% used [0x00000000a1200000,0x00000000a1200000,0x00000000a5140000)
 PSPermGen       total 21248K, used 6529K [0x000000009c000000, 0x000000009d4c0000, 0x00000000a1200000)
  object space 21248K, 30% used [0x000000009c000000,0x000000009c660600,0x000000009d4c0000)
Event: 0.846 GC heap after
Heap after GC invocations=1 (full 0):
 PSYoungGen      total 28352K, used 1742K [0x00000000e0600000, 0x00000000e25a0000, 0x0000000100000000)
  eden space 24320K, 0% used [0x00000000e0600000,0x00000000e0600000,0x00000000e1dc0000)
  from space 4032K, 43% used [0x00000000e1dc0000,0x00000000e1f73af0,0x00000000e21b0000)
  to   space 4032K, 0% used [0x00000000e21b0000,0x00000000e21b0000,0x00000000e25a0000)
 ParOldGen       total 64768K, used 8K [0x00000000a1200000, 0x00000000a5140000, 0x00000000e0600000)
  object space 64768K, 0% used [0x00000000a1200000,0x00000000a1202000,0x00000000a5140000)
 PSPermGen       total 21248K, used 6529K [0x000000009c000000, 0x000000009d4c0000, 0x00000000a1200000)
  object space 21248K, 30% used [0x000000009c000000,0x000000009c660600,0x000000009d4c0000)
}
Event: 3.871 GC heap before
{Heap before GC invocations=2 (full 0):
 PSYoungGen      total 28352K, used 26062K [0x00000000e0600000, 0x00000000e25a0000, 0x0000000100000000)
  eden space 24320K, 100% used [0x00000000e0600000,0x00000000e1dc0000,0x00000000e1dc0000)
  from space 4032K, 43% used [0x00000000e1dc0000,0x00000000e1f73af0,0x00000000e21b0000)
  to   space 4032K, 0% used [0x00000000e21b0000,0x00000000e21b0000,0x00000000e25a0000)
 ParOldGen       total 64768K, used 8K [0x00000000a1200000, 0x00000000a5140000, 0x00000000e0600000)
  object space 64768K, 0% used [0x00000000a1200000,0x00000000a1202000,0x00000000a5140000)
 PSPermGen       total 21248K, used 15397K [0x000000009c000000, 0x000000009d4c0000, 0x00000000a1200000)
  object space 21248K, 72% used [0x000000009c000000,0x000000009cf09528,0x000000009d4c0000)
Event: 3.880 GC heap after
Heap after GC invocations=2 (full 0):
 PSYoungGen      total 28352K, used 3196K [0x00000000e0600000, 0x00000000e25a0000, 0x0000000100000000)
  eden space 24320K, 0% used [0x00000000e0600000,0x00000000e0600000,0x00000000e1dc0000)
  from space 4032K, 79% used [0x00000000e21b0000,0x00000000e24cf030,0x00000000e25a0000)
  to   space 4032K, 0% used [0x00000000e1dc0000,0x00000000e1dc0000,0x00000000e21b0000)
 ParOldGen       total 64768K, used 16K [0x00000000a1200000, 0x00000000a5140000, 0x00000000e0600000)
  object space 64768K, 0% used [0x00000000a1200000,0x00000000a1204000,0x00000000a5140000)
 PSPermGen       total 21248K, used 15397K [0x000000009c000000, 0x000000009d4c0000, 0x00000000a1200000)
  object space 21248K, 72% used [0x000000009c000000,0x000000009cf09528,0x000000009d4c0000)
}

Deoptimization events (10 events):
Event: 9.411 Thread 0x0000000010d22800 Uncommon trap -58 fr.pc 0x0000000002659edc
Event: 9.411 Thread 0x0000000010d22800 Uncommon trap -58 fr.pc 0x0000000002659edc
Event: 9.411 Thread 0x0000000010d22800 Uncommon trap -58 fr.pc 0x0000000002656570
Event: 9.411 Thread 0x0000000010d22800 Uncommon trap -58 fr.pc 0x0000000002659edc
Event: 9.412 Thread 0x0000000010d22800 Uncommon trap -58 fr.pc 0x0000000002656570
Event: 9.412 Thread 0x0000000010d22800 Uncommon trap -58 fr.pc 0x0000000002659edc
Event: 9.485 Thread 0x000000000d579800 Uncommon trap 45 fr.pc 0x000000000268ebc0
Event: 9.487 Thread 0x000000000d579800 Uncommon trap 45 fr.pc 0x000000000267000c
Event: 9.487 Thread 0x000000000d579800 Uncommon trap 45 fr.pc 0x0000000002675d10
Event: 9.487 Thread 0x000000000d579800 Uncommon trap 45 fr.pc 0x00000000026708f4

Internal exceptions (10 events):
Event: 26.232 Thread 0x000000000d579800 Threw 0x00000000e1616580 at C:\jdk7u1_64p\jdk7u9\hotspot\src\share\vm\prims\jvm.cpp:1166
Event: 26.233 Thread 0x000000000d579800 Threw 0x00000000e1618d30 at C:\jdk7u1_64p\jdk7u9\hotspot\src\share\vm\prims\jvm.cpp:1166
Event: 26.233 Thread 0x000000000d579800 Threw 0x00000000e161be20 at C:\jdk7u1_64p\jdk7u9\hotspot\src\share\vm\prims\jvm.cpp:1166
Event: 26.233 Thread 0x000000000d579800 Threw 0x00000000e161ff28 at C:\jdk7u1_64p\jdk7u9\hotspot\src\share\vm\prims\jvm.cpp:1166
Event: 26.234 Thread 0x000000000d579800 Threw 0x00000000e1623f48 at C:\jdk7u1_64p\jdk7u9\hotspot\src\share\vm\prims\jvm.cpp:1166
Event: 26.234 Thread 0x000000000d579800 Threw 0x00000000e1625c70 at C:\jdk7u1_64p\jdk7u9\hotspot\src\share\vm\prims\jvm.cpp:1166
Event: 26.235 Thread 0x000000000d579800 Threw 0x00000000e1629540 at C:\jdk7u1_64p\jdk7u9\hotspot\src\share\vm\prims\jvm.cpp:1166
Event: 26.235 Thread 0x000000000d579800 Threw 0x00000000e162b128 at C:\jdk7u1_64p\jdk7u9\hotspot\src\share\vm\prims\jvm.cpp:1166
Event: 26.236 Thread 0x000000000d579800 Threw 0x00000000e162deb8 at C:\jdk7u1_64p\jdk7u9\hotspot\src\share\vm\prims\jvm.cpp:1166
Event: 29.623 Thread 0x000000000d579800 Threw 0x00000000e1635300 at C:\jdk7u1_64p\jdk7u9\hotspot\src\share\vm\prims\jvm.cpp:1166

Events (10 events):
Event: 56.638 Executing VM operation: ChangeBreakpoints done
Event: 56.639 Executing VM operation: ChangeBreakpoints
Event: 56.639 Executing VM operation: ChangeBreakpoints done
Event: 56.640 Executing VM operation: ChangeBreakpoints
Event: 56.640 Executing VM operation: ChangeBreakpoints done
Event: 56.641 Executing VM operation: ChangeBreakpoints
Event: 56.641 Executing VM operation: ChangeBreakpoints done
Event: 56.642 Thread 0x000000000d064800 Thread added: 0x000000000d064800
Event: 56.643 Executing VM operation: RevokeBias
Event: 56.643 Executing VM operation: RevokeBias done


Dynamic libraries:
0x000007f6ae950000 - 0x000007f6ae983000 	C:\Program Files\Java\jdk1.7.0_09\bin\java.exe
0x000007fdf0010000 - 0x000007fdf01ce000 	C:\WINDOWS\SYSTEM32\ntdll.dll
0x000007fdedb40000 - 0x000007fdedc76000 	C:\WINDOWS\system32\KERNEL32.DLL
0x000007fded330000 - 0x000007fded423000 	C:\WINDOWS\system32\KERNELBASE.dll
0x000007fdeebc0000 - 0x000007fdeec9e000 	C:\WINDOWS\system32\ADVAPI32.dll
0x000007fdee930000 - 0x000007fdeea7c000 	C:\WINDOWS\system32\USER32.dll
0x000007fdea4e0000 - 0x000007fdea749000 	C:\WINDOWS\WinSxS\amd64_microsoft.windows.common-controls_6595b64144ccf1df_6.0.9200.16384_none_418c2a697189c07f\COMCTL32.dll
0x000007fdee140000 - 0x000007fdee1e5000 	C:\WINDOWS\system32\msvcrt.dll
0x000007fdee750000 - 0x000007fdee798000 	C:\WINDOWS\SYSTEM32\sechost.dll
0x000007fdedea0000 - 0x000007fdedfe0000 	C:\WINDOWS\system32\RPCRT4.dll
0x000007fdeea80000 - 0x000007fdeebc0000 	C:\WINDOWS\system32\GDI32.dll
0x000007fdee1f0000 - 0x000007fdee229000 	C:\WINDOWS\system32\IMM32.DLL
0x000007fded870000 - 0x000007fded985000 	C:\WINDOWS\system32\MSCTF.dll
0x0000000075ee0000 - 0x0000000075fb1000 	C:\Program Files\Java\jdk1.7.0_09\jre\bin\msvcr100.dll
0x00000000757c0000 - 0x0000000075edf000 	C:\Program Files\Java\jdk1.7.0_09\jre\bin\server\jvm.dll
0x000007fde7ae0000 - 0x000007fde7ae9000 	C:\WINDOWS\SYSTEM32\WSOCK32.dll
0x000007fde9930000 - 0x000007fde9950000 	C:\WINDOWS\SYSTEM32\WINMM.dll
0x000007fdee230000 - 0x000007fdee237000 	C:\WINDOWS\system32\PSAPI.DLL
0x000007fded510000 - 0x000007fded568000 	C:\WINDOWS\system32\WS2_32.dll
0x000007fde98f0000 - 0x000007fde9922000 	C:\WINDOWS\SYSTEM32\WINMMBASE.dll
0x000007fdeeca0000 - 0x000007fdeeca9000 	C:\WINDOWS\system32\NSI.dll
0x0000000076070000 - 0x000000007607f000 	C:\Program Files\Java\jdk1.7.0_09\jre\bin\verify.dll
0x0000000075790000 - 0x00000000757b8000 	C:\Program Files\Java\jdk1.7.0_09\jre\bin\java.dll
0x00000000756f0000 - 0x0000000075725000 	C:\Program Files\Java\jdk1.7.0_09\jre\bin\jdwp.dll
0x00000000756e0000 - 0x00000000756e8000 	C:\Program Files\Java\jdk1.7.0_09\jre\bin\npt.dll
0x0000000075770000 - 0x0000000075785000 	C:\Program Files\Java\jdk1.7.0_09\jre\bin\zip.dll
0x00000000756d0000 - 0x00000000756d9000 	C:\Program Files\Java\jdk1.7.0_09\jre\bin\dt_socket.dll
0x000007fdec770000 - 0x000007fdec7cc000 	C:\WINDOWS\system32\mswsock.dll
0x0000000075750000 - 0x0000000075769000 	C:\Program Files\Java\jdk1.7.0_09\jre\bin\net.dll
0x0000000075730000 - 0x0000000075741000 	C:\Program Files\Java\jdk1.7.0_09\jre\bin\nio.dll
0x000007fdec7d0000 - 0x000007fdec7ea000 	C:\WINDOWS\SYSTEM32\CRYPTSP.dll
0x000007fdec450000 - 0x000007fdec499000 	C:\WINDOWS\system32\rsaenh.dll
0x000007fdec550000 - 0x000007fdec56f000 	C:\WINDOWS\SYSTEM32\USERENV.dll
0x000007fdecf20000 - 0x000007fdecf35000 	C:\WINDOWS\SYSTEM32\profapi.dll
0x000007fdecd60000 - 0x000007fdecd6a000 	C:\WINDOWS\SYSTEM32\CRYPTBASE.dll
0x000007fdecd00000 - 0x000007fdecd5c000 	C:\WINDOWS\SYSTEM32\bcryptPrimitives.dll
0x000007fdeb550000 - 0x000007fdeb566000 	C:\WINDOWS\system32\NLAapi.dll
0x000007fde65a0000 - 0x000007fde65b4000 	C:\WINDOWS\system32\napinsp.dll
0x000007fde6580000 - 0x000007fde6598000 	C:\WINDOWS\system32\pnrpnsp.dll
0x000007fde6560000 - 0x000007fde6574000 	C:\WINDOWS\system32\wshbth.dll
0x000007fdec5b0000 - 0x000007fdec648000 	C:\WINDOWS\SYSTEM32\DNSAPI.dll
0x000007fde6540000 - 0x000007fde6552000 	C:\WINDOWS\System32\winrnr.dll
0x000007fde5990000 - 0x000007fde5998000 	C:\Windows\System32\rasadhlp.dll
0x000007fde8290000 - 0x000007fde82ba000 	C:\WINDOWS\SYSTEM32\IPHLPAPI.DLL
0x000007fde8270000 - 0x000007fde827a000 	C:\WINDOWS\SYSTEM32\WINNSI.DLL
0x000007fde7d60000 - 0x000007fde7dbf000 	C:\WINDOWS\System32\fwpuclnt.dll
0x0000000076060000 - 0x000000007606f000 	C:\Program Files\Java\jdk1.7.0_09\jre\bin\prism-d3d.dll
0x000007fde10c0000 - 0x000007fde12c0000 	C:\WINDOWS\system32\d3d9.dll
0x000007fde96e0000 - 0x000007fde96e9000 	C:\WINDOWS\SYSTEM32\VERSION.dll
0x000007fdeab10000 - 0x000007fdeab31000 	C:\WINDOWS\SYSTEM32\dwmapi.dll
0x000007fdebd10000 - 0x000007fdebdf3000 	C:\WINDOWS\system32\uxtheme.dll
0x000007fdd47a0000 - 0x000007fdd58f6000 	C:\WINDOWS\SYSTEM32\nvd3dumx.dll
0x0000000075690000 - 0x00000000756c2000 	C:\Program Files\Java\jdk1.7.0_09\jre\bin\glass.dll
0x000007fded460000 - 0x000007fded501000 	C:\WINDOWS\system32\COMDLG32.dll
0x000007fdee7b0000 - 0x000007fdee92e000 	C:\WINDOWS\system32\ole32.dll
0x000007fded7a0000 - 0x000007fded863000 	C:\WINDOWS\system32\OLEAUT32.dll
0x000007fdeffc0000 - 0x000007fdf0010000 	C:\WINDOWS\system32\SHLWAPI.dll
0x000007fdeecb0000 - 0x000007fdeff98000 	C:\WINDOWS\system32\SHELL32.dll
0x000007fded990000 - 0x000007fdedb40000 	C:\WINDOWS\SYSTEM32\combase.dll
0x000007fdec0e0000 - 0x000007fdec176000 	C:\WINDOWS\SYSTEM32\SHCORE.DLL
0x000007fdecec0000 - 0x000007fdecf03000 	C:\WINDOWS\SYSTEM32\powrprof.dll
0x00000000755f0000 - 0x0000000075682000 	C:\Program Files\Java\jdk1.7.0_09\jre\bin\libxml2.dll
0x00000000755b0000 - 0x00000000755e3000 	C:\Program Files\Java\jdk1.7.0_09\jre\bin\libxslt.dll
0x0000000074770000 - 0x00000000755a7000 	C:\Program Files\Java\jdk1.7.0_09\jre\bin\jfxwebkit.dll
0x000007fdee240000 - 0x000007fdee2d6000 	C:\WINDOWS\SYSTEM32\clbcatq.dll
0x000007fdea350000 - 0x000007fdea4da000 	C:\WINDOWS\SYSTEM32\WindowsCodecs.dll
0x000007fde9a20000 - 0x000007fde9a4e000 	C:\Program Files\Common Files\Microsoft Shared\Ink\rtscom.dll
0x0000000074720000 - 0x000000007476f000 	C:\Program Files\Java\jdk1.7.0_09\jre\bin\javafx-font.dll
0x000007fdea750000 - 0x000007fdea8b3000 	C:\WINDOWS\SYSTEM32\dbghelp.dll

VM Arguments:
jvm_args: -agentlib:jdwp=transport=dt_socket,address=127.0.0.1:52254,suspend=y,server=n -Dfile.encoding=UTF-8 
java_command: org.smartly.application.desktopgap.launcher.Main -w USERHOME/DesktopGap
Launcher Type: SUN_STANDARD

Environment Variables:
PATH=C:\Program Files (x86)\JetBrains\IntelliJ IDEA 12.0\bin\..\.\bin;C:\PROGRAM FILES\COMMON FILES\MICROSOFT SHARED\WINDOWS LIVE;C:\PROGRAM FILES (X86)\COMMON FILES\MICROSOFT SHARED\WINDOWS LIVE;C:\WINDOWS\SYSTEM32;C:\WINDOWS;C:\WINDOWS\SYSTEM32\WBEM;C:\WINDOWS\SYSTEM32\WINDOWSPOWERSHELL\V1.0\;;C:\PROGRAM FILES (X86)\COMMON FILES\ROXIO SHARED\DLLSHARED\;C:\PROGRAM FILES (X86)\COMMON FILES\ROXIO SHARED\10.0\DLLSHARED\;C:\USERS\ANGELO.GEMINIANI\APPDATA\ROAMING\NPM;C:\PROGRAM FILES (X86)\NODEJS\;C:\PROGRAM FILES (X86)\WINDOWS LIVE\SHARED;C:\CYGWIN\BIN;C:\CYGWIN\HOME\ANGELO.GEMINIANI\SRC;Z:\SOFTWARE\SCALA\SCALA-2.9.1-1\BIN;C:\PROGRAM FILES\TORTOISESVN\BIN;C:\USERS\ANGELO.GEMINIANI\APPDATA\LOCAL\SMARTBAR\APPLICATION\;C:\WINDOWS\system32;C:\WINDOWS;C:\WINDOWS\System32\Wbem;C:\WINDOWS\System32\WindowsPowerShell\v1.0\;C:\Program Files\TortoiseGit\bin;c:\program files (x86)\jetbrains\intellij idea 12.0\jre\jre\bin
USERNAME=angelo.geminiani
OS=Windows_NT
PROCESSOR_IDENTIFIER=Intel64 Family 6 Model 30 Stepping 5, GenuineIntel



---------------  S Y S T E M  ---------------

OS: Windows 8 , 64 bit Build 9200 

CPU:total 8 (4 cores per cpu, 2 threads per core) family 6 model 30 stepping 5, cmov, cx8, fxsr, mmx, sse, sse2, sse3, ssse3, sse4.1, sse4.2, popcnt, ht, tsc, tscinvbit

Memory: 4k page, physical 6214160k(3309284k free), swap 12505616k(8941200k free)

vm_info: Java HotSpot(TM) 64-Bit Server VM (23.5-b02) for windows-amd64 JRE (1.7.0_09-b05), built on Sep 24 2012 21:45:04 by "java_re" with unknown MS VC++:1600

time: Sun Dec 23 17:24:36 2012
elapsed time: 56 seconds

